2023-10-09 17:14:50,688 - root - INFO - Visited URL: https://moxie.foxnews.com/google-publisher/latest.xml
2023-10-09 17:14:50,725 - root - INFO - Media URLs uploaded: https://a57.foxnews.com/static.foxnews.com/foxnews.com/content/uploads/2023/10/931/523/Schumer-Xi-handshake-AP.jpg?ve=1&amp;tl=1
2023-10-09 17:14:50,725 - root - INFO - Media URLs uploaded: https://a57.foxnews.com/static.foxnews.com/foxnews.com/content/uploads/2023/01/931/523/533e90d0-DOTCOM_STATE_COUNTRY_NEWS_EUROPE.png?ve=1&amp;tl=1
2023-10-09 17:14:50,726 - root - INFO - Media URLs uploaded: https://a57.foxnews.com/static.foxnews.com/foxnews.com/content/uploads/2023/01/931/523/DOTCOM_STATE_COUNTRY_NEWS_AFRICA.png?ve=1&amp;tl=1
2023-10-09 17:14:50,726 - root - INFO - Media URLs uploaded: https://a57.foxnews.com/static.foxnews.com/foxnews.com/content/uploads/2023/10/931/524/222israel-airstrike-10.9.23.jpg?ve=1&amp;tl=1
2023-10-09 17:14:50,727 - root - INFO - Media URLs uploaded: https://a57.foxnews.com/static.foxnews.com/foxnews.com/content/uploads/2023/10/931/523/Ted-Cruz-CPAC-Dallas-July-10-2021.jpg?ve=1&amp;tl=1
2023-10-09 17:14:50,727 - root - INFO - Media URLs uploaded: https://a57.foxnews.com/static.foxnews.com/foxnews.com/content/uploads/2023/10/931/523/Israel-Ashdod-strike.jpg?ve=1&amp;tl=1
2023-10-09 17:14:50,728 - root - INFO - Media URLs uploaded: https://a57.foxnews.com/static.foxnews.com/foxnews.com/content/uploads/2023/10/931/523/Referee-touchdown.jpg?ve=1&amp;tl=1
2023-10-09 17:14:50,728 - root - INFO - Media URLs uploaded: https://a57.foxnews.com/static.foxnews.com/foxnews.com/content/uploads/2023/10/931/523/Joe-Burrow-2.jpg?ve=1&amp;tl=1
2023-10-09 17:14:50,729 - root - INFO - Media URLs uploaded: https://a57.foxnews.com/static.foxnews.com/foxnews.com/content/uploads/2023/10/931/523/cancer-screenings.jpg?ve=1&amp;tl=1
2023-10-09 17:14:50,730 - root - INFO - Media URLs uploaded: https://a57.foxnews.com/static.foxnews.com/foxnews.com/content/uploads/2023/10/931/523/reddit-phone-split-sad-girl.jpg?ve=1&amp;tl=1
2023-10-09 17:14:50,730 - root - INFO - Media URLs uploaded: https://a57.foxnews.com/static.foxnews.com/foxnews.com/content/uploads/2023/10/931/523/markk.jpg?ve=1&amp;tl=1
2023-10-09 17:14:50,731 - root - INFO - Media URLs uploaded: https://a57.foxnews.com/static.foxnews.com/foxnews.com/content/uploads/2023/10/931/523/Israeli-airstrike-in-Gaza.jpg?ve=1&amp;tl=1
2023-10-09 17:14:50,731 - root - INFO - Media URLs uploaded: https://a57.foxnews.com/static.foxnews.com/foxnews.com/content/uploads/2021/01/931/523/AP21007689539650.jpg?ve=1&amp;tl=1
2023-10-09 17:14:50,732 - root - INFO - Media URLs uploaded: https://a57.foxnews.com/static.foxnews.com/foxnews.com/content/uploads/2021/03/1200/675/Biden-Mayorkas-border.jpg?ve=1&amp;tl=1
2023-10-09 17:14:50,732 - root - INFO - Media URLs uploaded: https://a57.foxnews.com/static.foxnews.com/foxnews.com/content/uploads/2023/10/931/523/reba.jpg?ve=1&amp;tl=1
2023-10-09 17:14:50,733 - root - INFO - Media URLs uploaded: https://a57.foxnews.com/static.foxnews.com/foxnews.com/content/uploads/2023/10/931/523/Cooking-with-friends-cover.png?ve=1&amp;tl=1
2023-10-09 17:14:50,734 - root - INFO - Media URLs uploaded: https://a57.foxnews.com/static.foxnews.com/foxnews.com/content/uploads/2023/10/931/523/Krasner-Looters-1.png?ve=1&amp;tl=1
2023-10-09 17:14:50,734 - root - INFO - Media URLs uploaded: https://a57.foxnews.com/static.foxnews.com/foxnews.com/content/uploads/2022/12/931/523/GettyImages-542402694.jpg?ve=1&amp;tl=1
2023-10-09 17:14:50,735 - root - INFO - Media URLs uploaded: https://a57.foxnews.com/static.foxnews.com/foxnews.com/content/uploads/2023/10/931/523/GettyImages-1440388018.jpg?ve=1&amp;tl=1
2023-10-09 17:14:50,736 - root - INFO - Media URLs uploaded: https://a57.foxnews.com/static.foxnews.com/foxnews.com/content/uploads/2023/05/931/523/texas-governor-greg-abbott-press-conference.jpg?ve=1&amp;tl=1
2023-10-09 17:14:50,736 - root - INFO - Media URLs uploaded: https://a57.foxnews.com/static.foxnews.com/foxnews.com/content/uploads/2023/10/931/523/gaza-luanches-missiles.jpg?ve=1&amp;tl=1
2023-10-09 17:14:50,736 - root - INFO - Media URLs uploaded: https://a57.foxnews.com/static.foxnews.com/foxnews.com/content/uploads/2023/08/931/523/Donald-Trump-Windham-NH-August-8-2023.jpg?ve=1&amp;tl=1
2023-10-09 17:14:50,737 - root - INFO - Media URLs uploaded: https://a57.foxnews.com/static.foxnews.com/foxnews.com/content/uploads/2023/10/931/523/DF5ACA5C-F964-4B8F-B266-44FBBB7E0D2C.jpg?ve=1&amp;tl=1
2023-10-09 17:14:50,738 - root - INFO - Media URLs uploaded: https://a57.foxnews.com/static.foxnews.com/foxnews.com/content/uploads/2023/10/931/523/Trump-split.jpg?ve=1&amp;tl=1
2023-10-09 17:14:50,738 - root - INFO - Media URLs uploaded: https://a57.foxnews.com/static.foxnews.com/foxnews.com/content/uploads/2023/10/931/523/dean2.jpg?ve=1&amp;tl=1
